
> fun-age-app-clone@0.1.0 build
> vite build

[36mvite v6.3.5 [32mbuilding for production...[36m[39m
transforming...
[32mâœ“[39m 3 modules transformed.
[31mâœ—[39m Build failed in 321ms
[31merror during build:
[31m[vite:esbuild] Transform failed with 1 error:
C:/Users/ì‹¬ë„ì§„/Desktop/signalvoca/src/App.tsx:1390:0: ERROR: Expected "}" but found end of file[31m
file: [36mC:/Users/ì‹¬ë„ì§„/Desktop/signalvoca/src/App.tsx:1390:0[31m
[33m
[33mExpected "}" but found end of file[33m
1388|  }
1389|          ```
1390|  
   |  ^
[31m
    at failureErrorWithLog (C:\Users\ì‹¬ë„ì§„\Desktop\signalvoca\node_modules\esbuild\lib\main.js:1467:15)
    at C:\Users\ì‹¬ë„ì§„\Desktop\signalvoca\node_modules\esbuild\lib\main.js:736:50
    at responseCallbacks.<computed> (C:\Users\ì‹¬ë„ì§„\Desktop\signalvoca\node_modules\esbuild\lib\main.js:603:9)
    at handleIncomingPacket (C:\Users\ì‹¬ë„ì§„\Desktop\signalvoca\node_modules\esbuild\lib\main.js:658:12)
    at Socket.readFromStdout (C:\Users\ì‹¬ë„ì§„\Desktop\signalvoca\node_modules\esbuild\lib\main.js:581:7)
    at Socket.emit (node:events:508:28)
    at addChunk (node:internal/streams/readable:559:12)
    at readableAddChunkPushByteMode (node:internal/streams/readable:510:3)
    at Readable.push (node:internal/streams/readable:390:5)
    at Pipe.onStreamRead (node:internal/stream_base_commons:189:23)[39m
