2025-12-03T02:33:29.482Z vite:config config file loaded in 34.31ms
2025-12-03T02:33:29.484Z vite:env loading env files: [
  'C:/Users/ì‹¬ë„ì§„/Desktop/ì¬ë¯¸ë‚˜ì´ ì•± ë³µì œ/.env',
  'C:/Users/ì‹¬ë„ì§„/Desktop/ì¬ë¯¸ë‚˜ì´ ì•± ë³µì œ/.env.local',
  'C:/Users/ì‹¬ë„ì§„/Desktop/ì¬ë¯¸ë‚˜ì´ ì•± ë³µì œ/.env.production',
  'C:/Users/ì‹¬ë„ì§„/Desktop/ì¬ë¯¸ë‚˜ì´ ì•± ë³µì œ/.env.production.local'
]
2025-12-03T02:33:29.485Z vite:env env files loaded in 1.23ms
2025-12-03T02:33:29.486Z vite:env using resolved env: { VITE_GEMINI_API_KEY: 'AIzaSyBY1ysD8mHS_wwK5-3z1N1Exr4uxRjQvOA' }
2025-12-03T02:33:29.503Z vite:config using resolved config: {
  plugins: [
    'vite:build-metadata',
    'vite:watch-package-data',
    'alias',
    'vite:modulepreload-polyfill',
    'vite:resolve',
    'vite:html-inline-proxy',
    'vite:css',
    'vite:esbuild',
    'vite:json',
    'vite:wasm-helper',
    'vite:worker',
    'vite:asset',
    'vite:react-swc',
    'vite:wasm-fallback',
    'vite:define',
    'vite:css-post',
    'vite:build-html',
    'vite:worker-import-meta-url',
    'vite:asset-import-meta-url',
    'vite:force-systemjs-wrap-complete',
    'commonjs',
    'vite:data-uri',
    'vite:rollup-options-plugins',
    'vite:dynamic-import-vars',
    'vite:import-glob',
    'vite:build-import-analysis',
    'vite:esbuild-transpile',
    'vite:terser',
    'vite:manifest',
    'vite:ssr-manifest',
    'vite:reporter',
    'vite:load-fallback'
  ],
  resolve: {
    externalConditions: [ 'node' ],
    extensions: [ '.js', '.jsx', '.ts', '.tsx', '.json' ],
    dedupe: [],
    noExternal: [],
    external: [],
    preserveSymlinks: false,
    alias: [
      {
        find: '@',
        replacement: 'C:\\Users\\ì‹¬ë„ì§„\\Desktop\\ì¬ë¯¸ë‚˜ì´ ì•± ë³µì œ\\src'
      },
      {
        find: /^\/?@vite\/env/,
        replacement: '/@fs/C:/Users/ì‹¬ë„ì§„/Desktop/ì¬ë¯¸ë‚˜ì´ ì•± ë³µì œ/node_modules/vite/dist/client/env.mjs'
      },
      {
        find: /^\/?@vite\/client/,
        replacement: '/@fs/C:/Users/ì‹¬ë„ì§„/Desktop/ì¬ë¯¸ë‚˜ì´ ì•± ë³µì œ/node_modules/vite/dist/client/client.mjs'
      }
    ],
    mainFields: [ 'browser', 'module', 'jsnext:main', 'jsnext' ],
    conditions: [ 'module', 'browser', 'development|production' ],
    builtins: []
  },
  build: {
    target: 'esnext',
    polyfillModulePreload: true,
    modulePreload: { polyfill: true },
    outDir: 'build',
    assetsDir: 'assets',
    assetsInlineLimit: 4096,
    sourcemap: false,
    terserOptions: {},
    rollupOptions: { onwarn: [Function: onwarn] },
    commonjsOptions: { include: [ /node_modules/ ], extensions: [ '.js', '.cjs' ] },
    dynamicImportVarsOptions: { warnOnError: true, exclude: [ /node_modules/ ] },
    write: true,
    emptyOutDir: null,
    copyPublicDir: true,
    manifest: false,
    lib: false,
    ssrManifest: false,
    ssrEmitAssets: false,
    reportCompressedSize: true,
    chunkSizeWarningLimit: 500,
    watch: null,
    cssCodeSplit: true,
    minify: 'esbuild',
    ssr: false,
    emitAssets: true,
    createEnvironment: [Function: createEnvironment],
    cssTarget: 'esnext',
    cssMinify: true
  },
  server: {
    port: 3000,
    strictPort: false,
    host: undefined,
    allowedHosts: [],
    https: undefined,
    open: true,
    proxy: undefined,
    cors: {
      origin: /^https?:\/\/(?:(?:[^:]+\.)?localhost|127\.0\.0\.1|\[::1\])(?::\d+)?$/
    },
    headers: {},
    warmup: { clientFiles: [], ssrFiles: [] },
    middlewareMode: false,
    fs: {
      strict: true,
      deny: [ '.env', '.env.*', '*.{crt,pem}', '**/.git/**' ],
      allow: [ 'C:/Users/ì‹¬ë„ì§„/Desktop/ì¬ë¯¸ë‚˜ì´ ì•± ë³µì œ' ]
    },
    preTransformRequests: true,
    perEnvironmentStartEndDuringDev: false,
    sourcemapIgnoreList: [Function: isInNodeModules$1]
  },
  esbuild: {
    jsxDev: false,
    jsx: 'automatic',
    jsxImportSource: 'react',
    tsconfigRaw: { compilerOptions: { useDefineForClassFields: true } }
  },
  environments: {
    client: {
      define: undefined,
      resolve: {
        externalConditions: [ 'node' ],
        extensions: [ '.js', '.jsx', '.ts', '.tsx', '.json' ],
        dedupe: [],
        noExternal: [],
        external: [],
        preserveSymlinks: false,
        alias: [
          {
            find: '@',
            replacement: 'C:\\Users\\ì‹¬ë„ì§„\\Desktop\\ì¬ë¯¸ë‚˜ì´ ì•± ë³µì œ\\src'
          },
          {
            find: /^\/?@vite\/env/,
            replacement: '/@fs/C:/Users/ì‹¬ë„ì§„/Desktop/ì¬ë¯¸ë‚˜ì´ ì•± ë³µì œ/node_modules/vite/dist/client/env.mjs'
          },
          {
            find: /^\/?@vite\/client/,
            replacement: '/@fs/C:/Users/ì‹¬ë„ì§„/Desktop/ì¬ë¯¸ë‚˜ì´ ì•± ë³µì œ/node_modules/vite/dist/client/client.mjs'
          }
        ],
        mainFields: [ 'browser', 'module', 'jsnext:main', 'jsnext' ],
        conditions: [ 'module', 'browser', 'development|production' ],
        builtins: []
      },
      keepProcessEnv: false,
      consumer: 'client',
      optimizeDeps: {
        include: [],
        exclude: [],
        needsInterop: [],
        extensions: [],
        disabled: undefined,
        holdUntilCrawlEnd: true,
        force: false,
        noDiscovery: false,
        esbuildOptions: { preserveSymlinks: false }
      },
      dev: {
        warmup: [],
        sourcemap: { js: true },
        sourcemapIgnoreList: [Function: isInNodeModules$1],
        preTransformRequests: true,
        createEnvironment: [Function: defaultCreateClientDevEnvironment],
        recoverable: true,
        moduleRunnerTransform: false
      },
      build: {
        target: 'esnext',
        polyfillModulePreload: true,
        modulePreload: { polyfill: true },
        outDir: 'build',
        assetsDir: 'assets',
        assetsInlineLimit: 4096,
        sourcemap: false,
        terserOptions: {},
        rollupOptions: { onwarn: [Function: onwarn] },
        commonjsOptions: { include: [ /node_modules/ ], extensions: [ '.js', '.cjs' ] },
        dynamicImportVarsOptions: { warnOnError: true, exclude: [ /node_modules/ ] },
        write: true,
        emptyOutDir: null,
        copyPublicDir: true,
        manifest: false,
        lib: false,
        ssrManifest: false,
        ssrEmitAssets: false,
        reportCompressedSize: true,
        chunkSizeWarningLimit: 500,
        watch: null,
        cssCodeSplit: true,
        minify: 'esbuild',
        ssr: false,
        emitAssets: true,
        createEnvironment: [Function: createEnvironment],
        cssTarget: 'esnext',
        cssMinify: true
      }
    }
  },
  configFile: 'C:/Users/ì‹¬ë„ì§„/Desktop/ì¬ë¯¸ë‚˜ì´ ì•± ë³µì œ/vite.config.ts',
  configFileDependencies: [ 'C:/Users/ì‹¬ë„ì§„/Desktop/ì¬ë¯¸ë‚˜ì´ ì•± ë³µì œ/vite.config.ts' ],
  inlineConfig: {
    root: undefined,
    base: undefined,
    mode: undefined,
    configFile: undefined,
    configLoader: undefined,
    logLevel: undefined,
    clearScreen: undefined,
    build: {}
  },
  root: 'C:/Users/ì‹¬ë„ì§„/Desktop/ì¬ë¯¸ë‚˜ì´ ì•± ë³µì œ',
  base: '/',
  decodedBase: '/',
  rawBase: '/',
  publicDir: 'C:/Users/ì‹¬ë„ì§„/Desktop/ì¬ë¯¸ë‚˜ì´ ì•± ë³µì œ/public',
  cacheDir: 'C:/Users/ì‹¬ë„ì§„/Desktop/ì¬ë¯¸ë‚˜ì´ ì•± ë³µì œ/node_modules/.vite',
  command: 'build',
  mode: 'production',
  isWorker: false,
  mainConfig: null,
  bundleChain: [],
  isProduction: true,
  css: {
    transformer: 'postcss',
    preprocessorMaxWorkers: 0,
    devSourcemap: false
  },
  json: { namedExports: true, stringify: 'auto' },
  builder: undefined,
  preview: {
    port: 4173,
    strictPort: false,
    host: undefined,
    allowedHosts: [],
    https: undefined,
    open: true,
    proxy: undefined,
    cors: {
      origin: /^https?:\/\/(?:(?:[^:]+\.)?localhost|127\.0\.0\.1|\[::1\])(?::\d+)?$/
    },
    headers: {}
  },
  envDir: 'C:/Users/ì‹¬ë„ì§„/Desktop/ì¬ë¯¸ë‚˜ì´ ì•± ë³µì œ',
  env: {
    VITE_GEMINI_API_KEY: 'AIzaSyBY1ysD8mHS_wwK5-3z1N1Exr4uxRjQvOA',
    BASE_URL: '/',
    MODE: 'production',
    DEV: false,
    PROD: true
  },
  assetsInclude: [Function: assetsInclude],
  logger: {
    hasWarned: false,
    info: [Function: info],
    warn: [Function: warn],
    warnOnce: [Function: warnOnce],
    error: [Function: error],
    clearScreen: [Function: clearScreen],
    hasErrorLogged: [Function: hasErrorLogged]
  },
  packageCache: Map(1) {
    'fnpd_C:/Users/ì‹¬ë„ì§„/Desktop/ì¬ë¯¸ë‚˜ì´ ì•± ë³µì œ' => {
      dir: 'C:/Users/ì‹¬ë„ì§„/Desktop/ì¬ë¯¸ë‚˜ì´ ì•± ë³µì œ',
      data: {
        name: 'fun-age-app-clone',
        version: '0.1.0',
        private: true,
        dependencies: {
          '@google/generative-ai': '^0.24.1',
          '@radix-ui/react-accordion': '^1.2.3',
          '@radix-ui/react-alert-dialog': '^1.1.6',
          '@radix-ui/react-aspect-ratio': '^1.1.2',
          '@radix-ui/react-avatar': '^1.1.3',
          '@radix-ui/react-checkbox': '^1.1.4',
          '@radix-ui/react-collapsible': '^1.1.3',
          '@radix-ui/react-context-menu': '^2.2.6',
          '@radix-ui/react-dialog': '^1.1.6',
          '@radix-ui/react-dropdown-menu': '^2.1.6',
          '@radix-ui/react-hover-card': '^1.1.6',
          '@radix-ui/react-label': '^2.1.2',
          '@radix-ui/react-menubar': '^1.1.6',
          '@radix-ui/react-navigation-menu': '^1.2.5',
          '@radix-ui/react-popover': '^1.1.6',
          '@radix-ui/react-progress': '^1.1.2',
          '@radix-ui/react-radio-group': '^1.2.3',
          '@radix-ui/react-scroll-area': '^1.2.3',
          '@radix-ui/react-select': '^2.1.6',
          '@radix-ui/react-separator': '^1.1.2',
          '@radix-ui/react-slider': '^1.2.3',
          '@radix-ui/react-slot': '^1.1.2',
          '@radix-ui/react-switch': '^1.1.3',
          '@radix-ui/react-tabs': '^1.1.3',
          '@radix-ui/react-toggle': '^1.1.2',
          '@radix-ui/react-toggle-group': '^1.1.2',
          '@radix-ui/react-tooltip': '^1.1.8',
          'class-variance-authority': '^0.7.1',
          clsx: '*',
          cmdk: '^1.1.1',
          'embla-carousel-react': '^8.6.0',
          firebase: '^12.6.0',
          'input-otp': '^1.4.2',
          'lucide-react': '^0.487.0',
          'next-themes': '^0.4.6',
          react: '^18.3.1',
          'react-day-picker': '^8.10.1',
          'react-dom': '^18.3.1',
          'react-hook-form': '^7.55.0',
          'react-resizable-panels': '^2.1.7',
          'react-router-dom': '^7.9.6',
          recharts: '^2.15.2',
          sonner: '^2.0.3',
          'tailwind-merge': '*',
          vaul: '^1.1.2'
        },
        devDependencies: {
          '@tailwindcss/postcss': '^4.1.17',
          '@types/node': '^20.10.0',
          '@types/react': '^19.2.7',
          '@types/react-dom': '^19.2.3',
          '@vitejs/plugin-react-swc': '^3.10.2',
          autoprefixer: '^10.4.22',
          postcss: '^8.5.6',
          tailwindcss: '^4.1.17',
          typescript: '^5.9.3',
          vite: '6.3.5'
        },
        scripts: { dev: 'vite', build: 'vite build' }
      },
      hasSideEffects: [Function: hasSideEffects],
      setResolvedCache: [Function: setResolvedCache],
      getResolvedCache: [Function: getResolvedCache]
    },
    set: [Function (anonymous)]
  },
  worker: { format: 'iife', plugins: '() => plugins', rollupOptions: {} },
  appType: 'spa',
  experimental: { importGlobRestoreExtension: false, hmrPartialAccept: false },
  future: undefined,
  ssr: {
    target: 'node',
    optimizeDeps: { esbuildOptions: { preserveSymlinks: false } },
    resolve: { conditions: undefined, externalConditions: undefined }
  },
  optimizeDeps: {
    include: [],
    exclude: [],
    needsInterop: [],
    extensions: [],
    disabled: undefined,
    holdUntilCrawlEnd: true,
    force: false,
    noDiscovery: false,
    esbuildOptions: { preserveSymlinks: false }
  },
  dev: {
    warmup: [],
    sourcemap: { js: true },
    sourcemapIgnoreList: [Function: isInNodeModules$1],
    preTransformRequests: false,
    createEnvironment: [Function: defaultCreateDevEnvironment],
    recoverable: false,
    moduleRunnerTransform: false
  },
  webSocketToken: '7aZ0IYpZzFBv',
  getSortedPlugins: [Function: getSortedPlugins],
  getSortedPluginHooks: [Function: getSortedPluginHooks],
  createResolver: [Function: createResolver],
  fsDenyGlob: [Function: arrayMatcher],
  safeModulePaths: Set(0) {},
  additionalAllowedHosts: []
}
[36mvite v6.3.5 [32mbuilding for production...[36m[39m
transforming...
2025-12-03T02:33:29.899Z vite:resolve [32m0.82ms[39m [36mtailwindcss[39m -> [2mC:/Users/ì‹¬ë„ì§„/Desktop/ì¬ë¯¸ë‚˜ì´ ì•± ë³µì œ/node_modules/tailwindcss/index.css[22m
[32mâœ“[39m 1705 modules transformed.
